<?xml version="1.0" encoding="UTF-8"?>
<testng-results ignored="0" total="1" passed="1" failed="0" skipped="0">
  <reporter-output>
  </reporter-output>
  <suite started-at="2023-11-02T20:52:20 IST" name="Suite" finished-at="2023-11-02T20:52:51 IST" duration-ms="31652">
    <groups>
    </groups>
    <test started-at="2023-11-02T20:52:20 IST" name="Test" finished-at="2023-11-02T20:52:51 IST" duration-ms="31652">
      <class name="qa.test.TestCase3">
        <test-method is-config="true" signature="beforMethod(java.lang.String,java.lang.reflect.Method)[pri:0, instance:qa.test.TestCase3@7c729a55]" started-at="2023-11-02T20:52:20 IST" name="beforMethod" finished-at="2023-11-02T20:52:27 IST" duration-ms="6715" status="PASS">
          <params>
            <param index="0">
              <value>
                <![CDATA[chrome]]>
              </value>
            </param>
            <param index="1">
              <value>
                <![CDATA[public void qa.test.TestCase3.verifyRegisterPatient() throws java.lang.InterruptedException]]>
              </value>
            </param>
          </params>
          <reporter-output>
          </reporter-output>
        </test-method> <!-- beforMethod -->
        <test-method signature="verifyRegisterPatient()[pri:0, instance:qa.test.TestCase3@7c729a55]" started-at="2023-11-02T20:52:27 IST" name="verifyRegisterPatient" finished-at="2023-11-02T20:52:51 IST" duration-ms="24507" status="PASS">
          <reporter-output>
          </reporter-output>
        </test-method> <!-- verifyRegisterPatient -->
        <test-method is-config="true" signature="afterMethod()[pri:0, instance:qa.test.TestCase3@7c729a55]" started-at="2023-11-02T20:52:51 IST" name="afterMethod" finished-at="2023-11-02T20:52:51 IST" duration-ms="390" status="PASS">
          <reporter-output>
          </reporter-output>
        </test-method> <!-- afterMethod -->
      </class> <!-- qa.test.TestCase3 -->
    </test> <!-- Test -->
  </suite> <!-- Suite -->
</testng-results>
