<?xml version="1.0" encoding="UTF-8"?>
<testng-results ignored="0" total="1" passed="1" failed="0" skipped="0">
  <reporter-output>
  </reporter-output>
  <suite started-at="2023-11-06T19:19:20 IST" name="Suite" finished-at="2023-11-06T19:19:31 IST" duration-ms="10898">
    <groups>
    </groups>
    <test started-at="2023-11-06T19:19:20 IST" name="Test" finished-at="2023-11-06T19:19:31 IST" duration-ms="10898">
      <class name="qa.test.TestCase13">
        <test-method is-config="true" signature="beforeTestMethod()[pri:0, instance:qa.test.TestCase13@158d2680]" started-at="2023-11-06T19:19:20 IST" name="beforeTestMethod" finished-at="2023-11-06T19:19:20 IST" duration-ms="302" status="PASS">
          <reporter-output>
          </reporter-output>
        </test-method> <!-- beforeTestMethod -->
        <test-method is-config="true" signature="beforMethod(java.lang.String,java.lang.reflect.Method)[pri:0, instance:qa.test.TestCase13@158d2680]" started-at="2023-11-06T19:19:20 IST" name="beforMethod" finished-at="2023-11-06T19:19:25 IST" duration-ms="4995" status="PASS">
          <params>
            <param index="0">
              <value>
                <![CDATA[chrome]]>
              </value>
            </param>
            <param index="1">
              <value>
                <![CDATA[public void qa.test.TestCase13.verifyUserfindManageApointmentsinLaboratory() throws java.lang.InterruptedException]]>
              </value>
            </param>
          </params>
          <reporter-output>
          </reporter-output>
        </test-method> <!-- beforMethod -->
        <test-method signature="verifyUserfindManageApointmentsinLaboratory()[pri:0, instance:qa.test.TestCase13@158d2680]" started-at="2023-11-06T19:19:25 IST" name="verifyUserfindManageApointmentsinLaboratory" finished-at="2023-11-06T19:19:30 IST" duration-ms="4786" status="PASS">
          <reporter-output>
          </reporter-output>
        </test-method> <!-- verifyUserfindManageApointmentsinLaboratory -->
        <test-method is-config="true" signature="afterMethod(org.testng.ITestResult)[pri:0, instance:qa.test.TestCase13@158d2680]" started-at="2023-11-06T19:19:30 IST" name="afterMethod" finished-at="2023-11-06T19:19:30 IST" duration-ms="211" status="PASS">
          <params>
            <param index="0">
              <value>
                <![CDATA[[TestResult name=verifyUserfindManageApointmentsinLaboratory status=SUCCESS method=TestCase13.verifyUserfindManageApointmentsinLaboratory()[pri:0, instance:qa.test.TestCase13@158d2680] output={null}]]]>
              </value>
            </param>
          </params>
          <reporter-output>
          </reporter-output>
        </test-method> <!-- afterMethod -->
        <test-method is-config="true" signature="aftertest()[pri:0, instance:qa.test.TestCase13@158d2680]" started-at="2023-11-06T19:19:30 IST" name="aftertest" finished-at="2023-11-06T19:19:31 IST" duration-ms="550" status="PASS">
          <reporter-output>
          </reporter-output>
        </test-method> <!-- aftertest -->
      </class> <!-- qa.test.TestCase13 -->
    </test> <!-- Test -->
  </suite> <!-- Suite -->
</testng-results>
